(base) D:\rasaProjects\kb>rasa run -vv --cors "*"
2020-04-30 03:04:35 DEBUG    rasa.cli.utils  - Parameter 'endpoints' not set. Using default location 'endpoints.yml' instead.
2020-04-30 03:04:35 DEBUG    rasa.cli.utils  - Parameter 'credentials' not set. Using default location 'credentials.yml' instead.
2020-04-30 03:04:36 DEBUG    rasa.model  - Extracted model to 'C:\Users\hpuser\AppData\Local\Temp\tmp8xawd8mi'.
2020-04-30 03:04:37 DEBUG    sanic.root  - CORS: Configuring CORS with resources: {'/*': {'origins': ['.*'], 'methods': 'DELETE, GET, HEAD, OPTIONS, PATCH, POST, PUT', 'allow_headers': ['.*'], 'expose_headers': None, 'supports_credentials': True, 'max_age': None, 'send_wildcard': False, 'automatic_options': True, 'vary_header': True, 'resources': {'/*': {'origins': ['*']}}, 'intercept_exceptions': True, 'always_send': True}}
2020-04-30 03:04:37 DEBUG    rasa.core.utils  - Available web server routes:
/webhooks/rasa                                     GET                            custom_webhook_RasaChatInput.health
/webhooks/rasa/webhook                             POST                           custom_webhook_RasaChatInput.receive
/webhooks/rest                                     GET                            custom_webhook_RestInput.health
/webhooks/rest/webhook                             POST                           custom_webhook_RestInput.receive
/                                                  GET                            hello
2020-04-30 03:04:37 INFO     root  - Starting Rasa server on http://localhost:5005
2020-04-30 03:04:37 DEBUG    rasa.core.utils  - Using the default number of Sanic workers (1).
2020-04-30 03:04:37 INFO     root  - Enabling coroutine debugging. Loop id 1527188918344.
2020-04-30 03:04:37 DEBUG    rasa.model  - Extracted model to 'C:\Users\hpuser\AppData\Local\Temp\tmp0_dw6m8p'.
2020-04-30 03:04:37 DEBUG    rasa.utils.tensorflow.models  - Loading the model ...
2020-04-30 03:04:40 DEBUG    rasa.utils.tensorflow.models  - Finished loading the model.
2020-04-30 03:04:40 DEBUG    rasa.utils.tensorflow.models  - Building tensorflow prediction graph...
2020-04-30 03:04:44 DEBUG    rasa.utils.tensorflow.models  - Finished building tensorflow prediction graph.
2020-04-30 03:04:44 DEBUG    rasa.core.tracker_store  - Connected to InMemoryTrackerStore.
2020-04-30 03:04:44 DEBUG    rasa.core.lock_store  - Connected to lock store 'InMemoryLockStore'.
2020-04-30 03:04:44 DEBUG    rasa.model  - Extracted model to 'C:\Users\hpuser\AppData\Local\Temp\tmpu9asdwrj'.
2020-04-30 03:04:44 DEBUG    pykwalify.compat  - Using yaml library: c:\users\hpuser\anaconda3\lib\site-packages\ruamel\yaml\__init__.py
2020-04-30 03:04:44 DEBUG    rasa.utils.tensorflow.models  - Loading the model ...
2020-04-30 03:04:45 DEBUG    rasa.utils.tensorflow.models  - Finished loading the model.
2020-04-30 03:04:45 DEBUG    rasa.utils.tensorflow.models  - Building tensorflow prediction graph...
2020-04-30 03:04:45 DEBUG    rasa.utils.tensorflow.models  - Finished building tensorflow prediction graph.
2020-04-30 03:04:45 DEBUG    rasa.core.nlg.generator  - Instantiated NLG to 'TemplatedNaturalLanguageGenerator'.
2020-04-30 03:06:03 DEBUG    rasa.core.tracker_store  - Creating a new tracker for id '05cf3706-41b6-4424-ad65-274357d659af'.
2020-04-30 03:06:03 DEBUG    rasa.core.processor  - Starting a new session for conversation ID '05cf3706-41b6-4424-ad65-274357d659af'.
2020-04-30 03:06:03 DEBUG    rasa.core.processor  - Action 'action_session_start' ended with events '[<rasa.core.events.SessionStarted object at 0x000001639D778C50>, <rasa.core.events.ActionExecuted object at 0x000001639D778AC8>]'.
2020-04-30 03:06:03 DEBUG    rasa.core.processor  - Current slot values:
        destination: None
        source: None
        requested_slot: None
2020-04-30 03:06:03 DEBUG    rasa.core.processor  - Received user message 'any interfaces from Portal to Invoicing' with intent '{'name': 'interface_info', 'confidence': 0.9999369382858276}' and entities '[{'entity': 'app', 'start': 20, 'end': 26, 'role': 'sourceApp', 'value': 'Portal', 'extractor': 'DIETClassifier'}, {'entity': 'app', 'start': 30, 'end': 39, 'role': 'destApp', 'value': 'Invoicing', 'extractor': 'DIETClassifier'}]'
2020-04-30 03:06:03 DEBUG    rasa.core.processor  - Current slot values:
        destination: None
        source: None
        requested_slot: None
2020-04-30 03:06:03 DEBUG    rasa.core.processor  - Logged UserUtterance - tracker now has 4 events.
2020-04-30 03:06:03 DEBUG    rasa.core.policies.memoization  - Current tracker state [None, None, None, {}, {'entity_app': 1.0, 'intent_interface_info': 1.0, 'prev_action_listen': 1.0}]
2020-04-30 03:06:03 DEBUG    rasa.core.policies.memoization  - There is no memorised next action
2020-04-30 03:06:03 DEBUG    rasa.core.policies.form_policy  - There is no active form
2020-04-30 03:06:03 DEBUG    rasa.core.policies.ensemble  - Predicted next action using policy_1_TEDPolicy
2020-04-30 03:06:03 DEBUG    rasa.core.processor  - Predicted next action 'interface_form' with confidence 0.95.
2020-04-30 03:06:03 DEBUG    rasa.core.actions.action  - Calling action endpoint to run action 'interface_form'.
2020-04-30 03:06:05 DEBUG    rasa.core.processor  - Action 'interface_form' ended with events '[BotUttered('Searching for interfaces from Portal to Invoicing. Please wait ...', {"elements": null, "quick_replies": null, "buttons": null, "attachment": null, "image": null, "custom": null}, {"source": "Portal", "destination": "Invoicing"}, 1588196165.8925295), <rasa.core.events.Form object at 0x000001639C400048>, <rasa.core.events.SlotSet object at 0x000001639C4002E8>, <rasa.core.events.SlotSet object at 0x000001639C400B00>, <rasa.core.events.Form object at 0x000001639C4000F0>, <rasa.core.events.SlotSet object at 0x000001639C400358>]'.
2020-04-30 03:06:05 DEBUG    rasa.core.processor  - Current slot values:
        destination: Invoicing
        source: Portal
        requested_slot: None
2020-04-30 03:06:05 DEBUG    rasa.core.policies.memoization  - Current tracker state [None, None, {}, {'entity_app': 1.0, 'intent_interface_info': 1.0, 'prev_action_listen': 1.0}, {'entity_app': 1.0, 'intent_interface_info': 1.0, 'prev_interface_form': 1.0}]
2020-04-30 03:06:05 DEBUG    rasa.core.policies.memoization  - There is no memorised next action
2020-04-30 03:06:05 DEBUG    rasa.core.policies.mapping_policy  - There is no mapped action for the predicted intent, 'interface_info'.
2020-04-30 03:06:05 DEBUG    rasa.core.policies.form_policy  - There is no active form
2020-04-30 03:06:05 DEBUG    rasa.core.policies.ensemble  - Predicted next action using policy_1_TEDPolicy
2020-04-30 03:06:05 DEBUG    rasa.core.processor  - Predicted next action 'action_listen' with confidence 0.96.
2020-04-30 03:06:05 DEBUG    rasa.core.processor  - Action 'action_listen' ended with events '[]'.
2020-04-30 03:06:05 DEBUG    rasa.core.lock_store  - Deleted lock for conversation '05cf3706-41b6-4424-ad65-274357d659af'.
